0 info it worked if it ends with ok
1 verbose cli [ 'node', '/usr/local/bin/npm', 'publish' ]
2 info using npm@1.4.15
3 info using node@v0.10.28
4 verbose node symlink /usr/local/bin/node
5 verbose publish [ '.' ]
6 verbose cache add [ '.', null ]
7 verbose cache add name=undefined spec="." args=[".",null]
8 verbose parsed url { protocol: null,
8 verbose parsed url   slashes: null,
8 verbose parsed url   auth: null,
8 verbose parsed url   host: null,
8 verbose parsed url   port: null,
8 verbose parsed url   hostname: null,
8 verbose parsed url   hash: null,
8 verbose parsed url   search: null,
8 verbose parsed url   query: null,
8 verbose parsed url   pathname: '.',
8 verbose parsed url   path: '.',
8 verbose parsed url   href: '.' }
9 silly lockFile 3a52ce78- .
10 verbose lock . /Users/glenndebacker/.npm/3a52ce78-.lock
11 verbose tar pack [ '/Users/glenndebacker/.npm/generator-grunt-supercharged/0.1.0/package.tgz',
11 verbose tar pack   '.' ]
12 verbose tarball /Users/glenndebacker/.npm/generator-grunt-supercharged/0.1.0/package.tgz
13 verbose folder .
14 info prepublish generator-grunt-supercharged@0.1.0
15 silly lockFile 1f1177db-tar tar://.
16 verbose lock tar://. /Users/glenndebacker/.npm/1f1177db-tar.lock
17 silly lockFile 4d0cc99d-t-supercharged-0-1-0-package-tgz tar:///Users/glenndebacker/.npm/generator-grunt-supercharged/0.1.0/package.tgz
18 verbose lock tar:///Users/glenndebacker/.npm/generator-grunt-supercharged/0.1.0/package.tgz /Users/glenndebacker/.npm/4d0cc99d-t-supercharged-0-1-0-package-tgz.lock
19 silly lockFile 1f1177db-tar tar://.
20 silly lockFile 1f1177db-tar tar://.
21 silly lockFile 4d0cc99d-t-supercharged-0-1-0-package-tgz tar:///Users/glenndebacker/.npm/generator-grunt-supercharged/0.1.0/package.tgz
22 silly lockFile 4d0cc99d-t-supercharged-0-1-0-package-tgz tar:///Users/glenndebacker/.npm/generator-grunt-supercharged/0.1.0/package.tgz
23 silly lockFile 042ff0af-grunt-supercharged-0-1-0-package /Users/glenndebacker/.npm/generator-grunt-supercharged/0.1.0/package
24 verbose lock /Users/glenndebacker/.npm/generator-grunt-supercharged/0.1.0/package /Users/glenndebacker/.npm/042ff0af-grunt-supercharged-0-1-0-package.lock
25 silly lockFile 042ff0af-grunt-supercharged-0-1-0-package /Users/glenndebacker/.npm/generator-grunt-supercharged/0.1.0/package
26 silly lockFile 042ff0af-grunt-supercharged-0-1-0-package /Users/glenndebacker/.npm/generator-grunt-supercharged/0.1.0/package
27 silly lockFile 3a52ce78- .
28 silly lockFile 3a52ce78- .
29 silly publish { name: 'generator-grunt-supercharged',
29 silly publish   version: '0.1.0',
29 silly publish   description: 'A GruntJS generator for Yeoman that creates an optimized GruntJS project inspired by the HTML5rocks article \'Supercharging your Gruntfile\'',
29 silly publish   author:
29 silly publish    { name: 'Glenn De Backer',
29 silly publish      email: 'glenn@simplicity.be',
29 silly publish      url: 'http://www.glenndebacker.be' },
29 silly publish   keywords: [ 'yeoman-generator', 'grunt' ],
29 silly publish   repository:
29 silly publish    { type: 'git',
29 silly publish      url: 'https://github.com/simplicitylab/generator-grunt-supercharged.git' },
29 silly publish   dependencies: { 'yeoman-generator': '^0.16.0' },
29 silly publish   readme: '# Grunt-Supercharged\n\nA GruntJS generator for Yeoman that creates an optimized GruntJS project inspired by the HTML5rocks article \'[Supercharging your Gruntfile](http://www.html5rocks.com/en/tutorials/tooling/supercharging-your-gruntfile/)\'\n\n### Usage\n\n\tyo grunt-supercharged\n\n<br/>\n\n### Optimization 1 : autoloading grunt plugins\n\nBy using the gruntjs module \'[load-grunt-tasks](https://www.npmjs.org/package/load-grunt-tasks)\' you don\'t need to manually load each task which can be cumbersome. This module will read the dependencies in your package.json  and load grunt tasks that match the provided patterns.\n\n#### before\n\n\tgrunt.loadNpmTasks(\'grunt-recess\');\n\tgrunt.loadNpmTasks(\'grunt-sizediff\');\n\tgrunt.loadNpmTasks(\'grunt-svgmin\');\n\tgrunt.loadNpmTasks(\'grunt-styl\');\n\tgrunt.loadNpmTasks(\'grunt-php\');\n\t...\n\t\n#### after\n\trequire(\'load-grunt-tasks\')(grunt);\n\n<br /> \n\n\n### Optimization 2 : Splitting configuration in individual files\n\nThe module [load-grunt-config](https://www.npmjs.org/package/load-grunt-config) lets you break up your Gruntfile config by task. Every task has its own javascript file defined in the folder grunt.\n\n#### folder structure\n\n\t- myproject/\n\t-- Gruntfile.js\n\t-- grunt/\n\t--- aliases.yaml\n\t--- concat.js\n\t--- uglify.js\n\n\n#### grunt/uglify.js\n\n\tmodule.exports = {\n\t\tdist: {\n    \t\tfiles: {\n      \t\t\t\'dist/js/build.min.js\': [\'dist/js/build.js\']\n    \t\t}\n  \t\t}\n\t};\n\t\nThe module requires an aliasas file (aliases.yaml) where you can register your task\n\n### grunt/aliases.yaml\n\n\tdefault:\n\t\t- \'concat\'\n  \t\t- \'uglify\'\n\n<br />\n\n### Optimization 3 : only process modified files\n\nThe module [grunt-newer](https://www.npmjs.org/package/grunt-newer) builds a local cache and only execute tasks on files that changed since the last task has runned. This can speedup the build process enormously !\n\nSimply prepend “newer:” to any of your tasks pipes \n\n### grunt/aliases.yaml\n\n\tdefault:\n\t\t- \'newer:concat\'\n  \t\t- \'newer:uglify\'\n  \t\t\n<br/>  \t\t\n  \t\t\n## License\n[MIT License](http://en.wikipedia.org/wiki/MIT_License)  \t\t\n\n \n\n',
29 silly publish   readmeFilename: 'README.md',
29 silly publish   gitHead: 'c67194d2a2f1e6484a73e847fe9dff148903324d',
29 silly publish   bugs: { url: 'https://github.com/simplicitylab/generator-grunt-supercharged/issues' },
29 silly publish   homepage: 'https://github.com/simplicitylab/generator-grunt-supercharged',
29 silly publish   _id: 'generator-grunt-supercharged@0.1.0',
29 silly publish   scripts: {},
29 silly publish   _shasum: '836c7321717d0955231eae238b78dfa2232e431f',
29 silly publish   _from: '.' }
30 verbose url raw generator-grunt-supercharged
31 verbose url resolving [ 'https://registry.npmjs.org/',
31 verbose url resolving   './generator-grunt-supercharged' ]
32 verbose url resolved https://registry.npmjs.org/generator-grunt-supercharged
33 info trying registry request attempt 1 at 21:22:47
34 http PUT https://registry.npmjs.org/generator-grunt-supercharged
35 http 403 https://registry.npmjs.org/generator-grunt-supercharged
36 verbose headers { date: 'Sat, 23 Aug 2014 19:22:49 GMT',
36 verbose headers   server: 'CouchDB/1.5.0 (Erlang OTP/R14B04)',
36 verbose headers   'content-type': 'application/json',
36 verbose headers   'cache-control': 'max-age=60',
36 verbose headers   'content-length': '84',
36 verbose headers   'accept-ranges': 'bytes',
36 verbose headers   via: '1.1 varnish',
36 verbose headers   'x-served-by': 'cache-fra1235-FRA',
36 verbose headers   'x-cache': 'MISS',
36 verbose headers   'x-cache-hits': '0',
36 verbose headers   'x-timer': 'S1408821769.040767,VS0,VE675',
36 verbose headers   'keep-alive': 'timeout=10, max=50',
36 verbose headers   connection: 'Keep-Alive' }
37 error publish Failed PUT 403
38 error Error: forbidden Cannot replace previously published version: 0.1.0: generator-grunt-supercharged
38 error     at RegClient.<anonymous> (/usr/local/lib/node_modules/npm/node_modules/npm-registry-client/lib/request.js:274:14)
38 error     at Request._callback (/usr/local/lib/node_modules/npm/node_modules/npm-registry-client/lib/request.js:212:65)
38 error     at Request.self.callback (/usr/local/lib/node_modules/npm/node_modules/request/request.js:123:22)
38 error     at Request.EventEmitter.emit (events.js:98:17)
38 error     at Request.<anonymous> (/usr/local/lib/node_modules/npm/node_modules/request/request.js:893:14)
38 error     at Request.EventEmitter.emit (events.js:117:20)
38 error     at IncomingMessage.<anonymous> (/usr/local/lib/node_modules/npm/node_modules/request/request.js:844:12)
38 error     at IncomingMessage.EventEmitter.emit (events.js:117:20)
38 error     at _stream_readable.js:919:16
38 error     at process._tickCallback (node.js:419:13)
39 error If you need help, you may report this *entire* log,
39 error including the npm and node versions, at:
39 error     <http://github.com/npm/npm/issues>
40 error System Darwin 13.3.0
41 error command "node" "/usr/local/bin/npm" "publish"
42 error cwd /Users/glenndebacker/Documents/Projects/nodejs/yeoman/generater-grunt-supercharged
43 error node -v v0.10.28
44 error npm -v 1.4.15
45 verbose exit [ 1, true ]
